#
# A fatal error has been detected by the Java Runtime Environment:
#
#  EXCEPTION_ACCESS_VIOLATION (0xc0000005) at pc=0x000000006cbda0a5, pid=3416, tid=0x0000000000001720
#
# JRE version: Java(TM) SE Runtime Environment (8.0_101-b13) (build 1.8.0_101-b13)
# Java VM: Java HotSpot(TM) 64-Bit Server VM (25.101-b13 mixed mode windows-amd64 compressed oops)
# Problematic frame:
# V  [jvm.dll+0x12a0a5]
#
# Failed to write core dump. Minidumps are not enabled by default on client versions of Windows
#
# If you would like to submit a bug report, please visit:
#   http://bugreport.java.com/bugreport/crash.jsp
#

---------------  T H R E A D  ---------------

Current thread (0x000000005742f800):  JavaThread "JDWP Transport Listener: dt_socket" daemon [_thread_in_vm, id=5920, stack(0x0000000059540000,0x0000000059640000)]

siginfo: ExceptionCode=0xc0000005, reading address 0xffffffffffffffff

Registers:
RAX=0x000000005963f501, RBX=0x000000005742f800, RCX=0x5f00562900000008, RDX=0x0000000000000000
RSP=0x000000005963f4f0, RBP=0x5f00562900000008, RSI=0x000000005963f608, RDI=0x00000000020a8d90
R8 =0x000000005742f800, R9 =0x000000000000ff00, R10=0x0000000000000000, R11=0x0000009b006c0002
R12=0x0000000000000000, R13=0x0000000057428bd8, R14=0x0000000000000000, R15=0x0000000000000000
RIP=0x000000006cbda0a5, EFLAGS=0x0000000000010202

Top of Stack: (sp=0x000000005963f4f0)
0x000000005963f4f0:   000000005742f800 000000005742f800
0x000000005963f500:   000000005963f5b8 000000006cde2f0b
0x000000005963f510:   000000005742f800 000000006cdff76d
0x000000005963f520:   0000000000000000 000000006d8f9155
0x000000005963f530:   0000000057412738 000000006d90291e
0x000000005963f540:   000000005742f800 0000000000000000
0x000000005963f550:   0000000000000000 0000000000000000
0x000000005963f560:   5f00562900000008 000000006d901a15
0x000000005963f570:   000000005963f608 000000005963f5e0
0x000000005963f580:   0000000000000001 0000000057412738
0x000000005963f590:   5f00562900000008 000000006d8e53b3
0x000000005963f5a0:   000000005963f6d0 0000000000000001
0x000000005963f5b0:   0000000000000001 0000000057412738
0x000000005963f5c0:   0000000000000009 0000000000000000
0x000000005963f5d0:   0000000000000000 0000000000000000
0x000000005963f5e0:   0000000000000001 000000006d8e5571 

Instructions: (pc=0x000000006cbda0a5)
0x000000006cbda085:   cc cc cc cc cc cc cc cc cc cc cc 48 83 ec 28 48
0x000000006cbda095:   85 c9 75 07 33 c0 48 83 c4 28 c3 48 89 5c 24 20
0x000000006cbda0a5:   48 8b 19 48 85 db 74 20 48 83 fb 37 74 1a 48 8b
0x000000006cbda0b5:   13 48 8b cb ff 52 10 84 c0 74 0d 48 8b c3 48 8b 


Register to memory mapping:

RAX=0x000000005963f501 is pointing into the stack for thread: 0x000000005742f800
RBX=0x000000005742f800 is a thread
RCX=0x5f00562900000008 is an unknown value
RDX=0x0000000000000000 is an unknown value
RSP=0x000000005963f4f0 is pointing into the stack for thread: 0x000000005742f800
RBP=0x5f00562900000008 is an unknown value
RSI=0x000000005963f608 is pointing into the stack for thread: 0x000000005742f800
RDI=0x00000000020a8d90 is an unknown value
R8 =0x000000005742f800 is a thread
R9 =0x000000000000ff00 is an unknown value
R10=0x0000000000000000 is an unknown value
R11=0x0000009b006c0002 is an unknown value
R12=0x0000000000000000 is an unknown value
R13=0x0000000057428bd8 is an unknown value
R14=0x0000000000000000 is an unknown value
R15=0x0000000000000000 is an unknown value


Stack: [0x0000000059540000,0x0000000059640000],  sp=0x000000005963f4f0,  free space=1021k
Native frames: (J=compiled Java code, j=interpreted, Vv=VM code, C=native code)
V  [jvm.dll+0x12a0a5]
V  [jvm.dll+0x34f76d]
C  [jdwp.dll+0x21a15]
C  [jdwp.dll+0x53b3]
C  [jdwp.dll+0x5571]
C  [jdwp.dll+0xf0a8]
C  [jdwp.dll+0x1f2d5]
C  [jdwp.dll+0x1f4aa]
V  [jvm.dll+0x1bd258]
V  [jvm.dll+0x2451a4]
V  [jvm.dll+0x29c18a]
C  [msvcr100.dll+0x21d9f]
C  [msvcr100.dll+0x21e3b]
C  [kernel32.dll+0x159bd]
C  [ntdll.dll+0x2a2e1]


---------------  P R O C E S S  ---------------

Java Threads: ( => current thread )
  0x00000000589a7000 JavaThread "Service Thread" daemon [_thread_blocked, id=992, stack(0x0000000059e10000,0x0000000059f10000)]
  0x0000000058946800 JavaThread "C1 CompilerThread2" daemon [_thread_blocked, id=1928, stack(0x0000000059cf0000,0x0000000059df0000)]
  0x0000000058944000 JavaThread "C2 CompilerThread1" daemon [_thread_blocked, id=2200, stack(0x0000000059bf0000,0x0000000059cf0000)]
  0x000000005893f000 JavaThread "C2 CompilerThread0" daemon [_thread_blocked, id=2372, stack(0x0000000059a80000,0x0000000059b80000)]
  0x000000005893e000 JavaThread "JDWP Command Reader" daemon [_thread_in_native, id=976, stack(0x0000000059920000,0x0000000059a20000)]
  0x0000000058930800 JavaThread "JDWP Event Helper Thread" daemon [_thread_blocked, id=2832, stack(0x0000000059650000,0x0000000059750000)]
=>0x000000005742f800 JavaThread "JDWP Transport Listener: dt_socket" daemon [_thread_in_vm, id=5920, stack(0x0000000059540000,0x0000000059640000)]
  0x0000000058924800 JavaThread "Attach Listener" daemon [_thread_blocked, id=6032, stack(0x0000000059020000,0x0000000059120000)]
  0x0000000057427000 JavaThread "Signal Dispatcher" daemon [_thread_blocked, id=3508, stack(0x0000000058ea0000,0x0000000058fa0000)]
  0x000000005740d000 JavaThread "Finalizer" daemon [_thread_blocked, id=6068, stack(0x0000000058820000,0x0000000058920000)]
  0x00000000573c6000 JavaThread "Reference Handler" daemon [_thread_blocked, id=4360, stack(0x0000000058630000,0x0000000058730000)]
  0x00000000020e8000 JavaThread "main" [_thread_blocked, id=2536, stack(0x00000000021b0000,0x00000000022b0000)]

Other Threads:
  0x00000000573be800 VMThread [stack: 0x0000000058470000,0x0000000058570000] [id=3968]
  0x00000000589c2000 WatcherThread [stack: 0x0000000059810000,0x0000000059910000] [id=2232]

VM state:not at safepoint (normal execution)

VM Mutex/Monitor currently owned by a thread: None

Heap:
 PSYoungGen      total 38400K, used 2662K [0x00000000d5a00000, 0x00000000d8480000, 0x0000000100000000)
  eden space 33280K, 8% used [0x00000000d5a00000,0x00000000d5c999f8,0x00000000d7a80000)
  from space 5120K, 0% used [0x00000000d7f80000,0x00000000d7f80000,0x00000000d8480000)
  to   space 5120K, 0% used [0x00000000d7a80000,0x00000000d7a80000,0x00000000d7f80000)
 ParOldGen       total 87552K, used 0K [0x0000000080e00000, 0x0000000086380000, 0x00000000d5a00000)
  object space 87552K, 0% used [0x0000000080e00000,0x0000000080e00000,0x0000000086380000)
 Metaspace       used 3459K, capacity 4606K, committed 4864K, reserved 1056768K
  class space    used 402K, capacity 430K, committed 512K, reserved 1048576K

Card table byte_map: [0x00000000119c0000,0x0000000011dc0000] byte_map_base: 0x00000000115b9000

Marking Bits: (ParMarkBitMap*) 0x000000006d2ca6d0
 Begin Bits: [0x00000000126a0000, 0x0000000014668000)
 End Bits:   [0x0000000014668000, 0x0000000016630000)

Polling page: 0x0000000001b50000

CodeCache: size=245760Kb used=1170Kb max_used=1170Kb free=244589Kb
 bounds [0x0000000002600000, 0x0000000002870000, 0x0000000011600000]
 total_blobs=290 nmethods=56 adapters=155
 compilation: enabled

Compilation events (10 events):
Event: 0.161 Thread 0x0000000058946800   51       3       java.lang.String::substring (79 bytes)
Event: 0.161 Thread 0x0000000058946800 nmethod 51 0x00000000027224d0 code [0x00000000027226a0, 0x0000000002722b98]
Event: 0.161 Thread 0x0000000058946800   52       3       java.util.HashMap::newNode (13 bytes)
Event: 0.161 Thread 0x0000000058946800 nmethod 52 0x0000000002722e50 code [0x0000000002722fc0, 0x0000000002723270]
Event: 0.161 Thread 0x0000000058946800   53       3       java.util.HashMap::afterNodeInsertion (1 bytes)
Event: 0.161 Thread 0x0000000058946800 nmethod 53 0x00000000027233d0 code [0x0000000002723520, 0x0000000002723670]
Event: 0.161 Thread 0x0000000058946800   55       1       java.util.ArrayList::size (5 bytes)
Event: 0.161 Thread 0x0000000058946800 nmethod 55 0x00000000027236d0 code [0x0000000002723820, 0x0000000002723930]
Event: 0.161 Thread 0x0000000058946800   56       3       java.util.concurrent.ConcurrentHashMap::spread (10 bytes)
Event: 0.161 Thread 0x0000000058946800 nmethod 56 0x0000000002723990 code [0x0000000002723ae0, 0x0000000002723c30]

GC Heap History (0 events):
No events

Deoptimization events (0 events):
No events

Internal exceptions (6 events):
Event: 0.020 Thread 0x00000000020e8000 Exception <a 'java/lang/NoSuchMethodError': Method sun.misc.Unsafe.defineClass(Ljava/lang/String;[BII)Ljava/lang/Class; name or signature does not match> (0x00000000d5a07cc0) thrown at [C:\re\workspace\8-2-build-windows-amd64-cygwin\jdk8u101\7261\hotspot\s]Þ“Ûò”?
Event: 0.020 Thread 0x00000000020e8000 Exception <a 'java/lang/NoSuchMethodError': Method sun.misc.Unsafe.prefetchRead(Ljava/lang/Object;J)V name or signature does not match> (0x00000000d5a07fa8) thrown at [C:\re\workspace\8-2-build-windows-amd64-cygwin\jdk8u101\7261\hotspot\src\share\vm\prims\¸–zh;Ã?
Event: 0.150 Thread 0x00000000020e8000 Exception <a 'java/security/PrivilegedActionException'> (0x00000000d5a8e820) thrown at [C:\re\workspace\8-2-build-windows-amd64-cygwin\jdk8u101\7261\hotspot\src\share\vm\prims\jvm.cpp, line 1386]
Event: 0.150 Thread 0x00000000020e8000 Exception <a 'java/security/PrivilegedActionException'> (0x00000000d5a8ec18) thrown at [C:\re\workspace\8-2-build-windows-amd64-cygwin\jdk8u101\7261\hotspot\src\share\vm\prims\jvm.cpp, line 1386]
Event: 0.151 Thread 0x00000000020e8000 Exception <a 'java/security/PrivilegedActionException'> (0x00000000d5a92a48) thrown at [C:\re\workspace\8-2-build-windows-amd64-cygwin\jdk8u101\7261\hotspot\src\share\vm\prims\jvm.cpp, line 1386]
Event: 0.151 Thread 0x00000000020e8000 Exception <a 'java/security/PrivilegedActionException'> (0x00000000d5a92e40) thrown at [C:\re\workspace\8-2-build-windows-amd64-cygwin\jdk8u101\7261\hotspot\src\share\vm\prims\jvm.cpp, line 1386]

Events (10 events):
Event: 149.960 Executing VM operation: ChangeSingleStep
Event: 149.960 Executing VM operation: ChangeSingleStep done
Event: 149.960 Executing VM operation: ChangeSingleStep
Event: 149.960 Executing VM operation: ChangeSingleStep done
Event: 214.411 Executing VM operation: RedefineClasses
Event: 214.412 Executing VM operation: RedefineClasses done
Event: 214.414 Executing VM operation: ChangeBreakpoints
Event: 214.414 Executing VM operation: ChangeBreakpoints done
Event: 238.604 Executing VM operation: RedefineClasses
Event: 238.604 Executing VM operation: RedefineClasses done


Dynamic libraries:
0x000000013f490000 - 0x000000013f4c7000 	C:\Program Files\Java\jre1.8.0_101\bin\javaw.exe
0x0000000077b70000 - 0x0000000077d1a000 	C:\Windows\SYSTEM32\ntdll.dll
0x0000000077a50000 - 0x0000000077b6f000 	C:\Windows\system32\kernel32.dll
0x000007fefd8f0000 - 0x000007fefd95a000 	C:\Windows\system32\KERNELBASE.dll
0x000007fefdc70000 - 0x000007fefdd4b000 	C:\Windows\system32\ADVAPI32.dll
0x000007feff4e0000 - 0x000007feff57f000 	C:\Windows\system32\msvcrt.dll
0x000007feffd30000 - 0x000007feffd4f000 	C:\Windows\SYSTEM32\sechost.dll
0x000007feff830000 - 0x000007feff95d000 	C:\Windows\system32\RPCRT4.dll
0x0000000077950000 - 0x0000000077a4a000 	C:\Windows\system32\USER32.dll
0x000007fefe2f0000 - 0x000007fefe357000 	C:\Windows\system32\GDI32.dll
0x000007feff580000 - 0x000007feff58e000 	C:\Windows\system32\LPK.dll
0x000007feffc50000 - 0x000007feffd1a000 	C:\Windows\system32\USP10.dll
0x000007fefc3b0000 - 0x000007fefc5a4000 	C:\Windows\WinSxS\amd64_microsoft.windows.common-controls_6595b64144ccf1df_6.0.7601.18837_none_fa3b1e3d17594757\COMCTL32.dll
0x000007feffe00000 - 0x000007feffe71000 	C:\Windows\system32\SHLWAPI.dll
0x000007feff960000 - 0x000007feff98e000 	C:\Windows\system32\IMM32.DLL
0x000007feff720000 - 0x000007feff829000 	C:\Windows\system32\MSCTF.dll
0x000000006da70000 - 0x000000006db42000 	C:\Program Files\Java\jre1.8.0_101\bin\msvcr100.dll
0x000000006cab0000 - 0x000000006d34a000 	C:\Program Files\Java\jre1.8.0_101\bin\server\jvm.dll
0x000007fef1680000 - 0x000007fef1689000 	C:\Windows\system32\WSOCK32.dll
0x000007feffdb0000 - 0x000007feffdfd000 	C:\Windows\system32\WS2_32.dll
0x000007feffd20000 - 0x000007feffd28000 	C:\Windows\system32\NSI.dll
0x000007fefb270000 - 0x000007fefb2ab000 	C:\Windows\system32\WINMM.dll
0x000007fefc8f0000 - 0x000007fefc8fc000 	C:\Windows\system32\VERSION.dll
0x0000000077d30000 - 0x0000000077d37000 	C:\Windows\system32\PSAPI.DLL
0x0000000071b10000 - 0x0000000071b1f000 	C:\Program Files\Java\jre1.8.0_101\bin\verify.dll
0x0000000071ae0000 - 0x0000000071b09000 	C:\Program Files\Java\jre1.8.0_101\bin\java.dll
0x000000006d8e0000 - 0x000000006d915000 	C:\Program Files\Java\jre1.8.0_101\bin\jdwp.dll
0x0000000071b40000 - 0x0000000071b48000 	C:\Program Files\Java\jre1.8.0_101\bin\npt.dll
0x0000000071ac0000 - 0x0000000071ad6000 	C:\Program Files\Java\jre1.8.0_101\bin\zip.dll
0x000007fefe360000 - 0x000007feff0ec000 	C:\Windows\system32\SHELL32.dll
0x000007fefe0e0000 - 0x000007fefe2e3000 	C:\Windows\system32\ole32.dll
0x000007fefd8b0000 - 0x000007fefd8bf000 	C:\Windows\system32\profapi.dll
0x0000000071d90000 - 0x0000000071d99000 	C:\Program Files\Java\jre1.8.0_101\bin\dt_socket.dll
0x000007fefb1e0000 - 0x000007fefb1f5000 	C:\Windows\system32\NLAapi.dll
0x000007fef1630000 - 0x000007fef1645000 	C:\Windows\system32\napinsp.dll
0x000007fef1690000 - 0x000007fef16a9000 	C:\Windows\system32\pnrpnsp.dll
0x000007fefd050000 - 0x000007fefd0a5000 	C:\Windows\System32\mswsock.dll
0x000007fefced0000 - 0x000007fefcf2b000 	C:\Windows\system32\DNSAPI.dll
0x000007fef1620000 - 0x000007fef162b000 	C:\Windows\System32\winrnr.dll
0x000007fef22c0000 - 0x000007fef22ef000 	C:\Program Files\Common Files\Microsoft Shared\Windows Live\WLIDNSP.DLL
0x000007fefaa00000 - 0x000007fefaa27000 	C:\Windows\system32\IPHLPAPI.DLL
0x000007fefa9f0000 - 0x000007fefa9fb000 	C:\Windows\system32\WINNSI.DLL
0x000007fefa8b0000 - 0x000007fefa903000 	C:\Windows\System32\fwpuclnt.dll
0x000007fef3160000 - 0x000007fef3168000 	C:\Windows\system32\rasadhlp.dll
0x000007fefca10000 - 0x000007fefca17000 	C:\Windows\System32\wshtcpip.dll
0x000007fee8b40000 - 0x000007fee8c65000 	C:\Windows\system32\dbghelp.dll

VM Arguments:
jvm_args: -agentlib:jdwp=transport=dt_socket,suspend=y,address=localhost:35889 -Dfile.encoding=Cp1252 
java_command: MainApp
java_class_path (initial): C:\Users\tempor\Desktop\workspace\Driver\bin
Launcher Type: SUN_STANDARD

Environment Variables:
PATH=C:/Program Files/Java/jre1.8.0_101/bin/server;C:/Program Files/Java/jre1.8.0_101/bin;C:/Program Files/Java/jre1.8.0_101/lib/amd64;C:\ProgramData\Oracle\Java\javapath;C:\Program Files\Common Files\Microsoft Shared\Windows Live;C:\Program Files (x86)\Common Files\Microsoft Shared\Windows Live;C:\Windows\system32;C:\Windows;C:\Windows\System32\Wbem;C:\Windows\System32\WindowsPowerShell\v1.0\;C:\Program Files (x86)\Windows Live\Shared;C:\Program Files\Common Files\Autodesk Shared\;C:\Program Files (x86)\Autodesk\Backburner\;C:\Program Files (x86)\pgmodeler;C:\Program Files\TortoiseSVN\bin;C:\Program Files (x86)\AMD\ATI.ACE\Core-Static;C:\Program Files (x86)\Nmap;C:\eclipse;
USERNAME=tempor
OS=Windows_NT
PROCESSOR_IDENTIFIER=Intel64 Family 6 Model 60 Stepping 3, GenuineIntel



---------------  S Y S T E M  ---------------

OS: Windows 7 , 64 bit Build 7601 (6.1.7601.23418)

CPU:total 4 (4 cores per cpu, 1 threads per core) family 6 model 60 stepping 3, cmov, cx8, fxsr, mmx, sse, sse2, sse3, ssse3, sse4.1, sse4.2, popcnt, avx, avx2, aes, clmul, erms, lzcnt, tsc, tscinvbit, bmi1, bmi2

Memory: 4k page, physical 8329388k(5923712k free), swap 16656916k(13635748k free)

vm_info: Java HotSpot(TM) 64-Bit Server VM (25.101-b13) for windows-amd64 JRE (1.8.0_101-b13), built on Jun 22 2016 01:21:29 by "java_re" with MS VC++ 10.0 (VS2010)

time: Sat Sep 24 09:22:14 2016
elapsed time: 238 seconds (0d 0h 3m 58s)

